Arguments: 
  /usr/local/bin/node /usr/local/bin/yarn start

PATH: 
  /usr/local/bin:/usr/bin:/bin:/usr/sbin:/sbin:/Library/Apple/usr/bin

Yarn version: 
  1.22.10

Node version: 
  14.16.1

Platform: 
  darwin x64

Trace: 
  SyntaxError: /Users/proplus/MonProjet/book-api-test/package.json: Unexpected string in JSON at position 212
      at JSON.parse (<anonymous>)
      at /usr/local/lib/node_modules/yarn/lib/cli.js:1625:59
      at Generator.next (<anonymous>)
      at step (/usr/local/lib/node_modules/yarn/lib/cli.js:310:30)
      at /usr/local/lib/node_modules/yarn/lib/cli.js:321:13

npm manifest: 
  {
    "name": "book-api-test",
    "version": "1.0.0",
    "description": "API for a Library",
    "main": "src/index.js",
    "type": "module",
    "scripts": {
      "test": "echo \"Error: no test specified\" && exit 1"
      "start": "node src/index.js"
    },
    "repository": {
      "type": "git",
      "url": "git+https://github.com/welovegsm/book-api-test.git"
    },
    "author": "",
    "license": "ISC",
    "bugs": {
      "url": "https://github.com/welovegsm/book-api-test/issues"
    },
    "homepage": "https://github.com/welovegsm/book-api-test#readme",
    "keywords": [
      "API",
      "restfull"
    ]
  }

yarn manifest: 
  No manifest

Lockfile: 
  No lockfile
